# JRE version: OpenJDK Runtime Environment (Zulu 8.70.0.23-CA-win64) (8.0_372-b07) (build 1.8.0_372-b07)
# Java VM: OpenJDK 64-Bit Server VM (25.372-b07 mixed mode windows-amd64 compressed oops)
Heap:
 PSYoungGen      total 75776K, used 40527K [0x000000076b700000, 0x0000000770b80000, 0x00000007c0000000)
  eden space 65024K, 62% used [0x000000076b700000,0x000000076de93d18,0x000000076f680000)
  from space 10752K, 0% used [0x000000076f680000,0x000000076f680000,0x0000000770100000)
  to   space 10752K, 0% used [0x0000000770100000,0x0000000770100000,0x0000000770b80000)
 ParOldGen       total 173568K, used 3075K [0x00000006c2400000, 0x00000006ccd80000, 0x000000076b700000)
  object space 173568K, 1% used [0x00000006c2400000,0x00000006c2700d50,0x00000006ccd80000)
 Metaspace       used 18422K, capacity 18742K, committed 18944K, reserved 1064960K
  class space    used 2348K, capacity 2436K, committed 2560K, reserved 1048576K
GC Heap History (4 events):
Event: 1.420 GC heap before
{Heap before GC invocations=1 (full 0):
 PSYoungGen      total 75776K, used 14306K [0x000000076b700000, 0x0000000770b80000, 0x00000007c0000000)
  eden space 65024K, 22% used [0x000000076b700000,0x000000076c4f88c0,0x000000076f680000)
  from space 10752K, 0% used [0x0000000770100000,0x0000000770100000,0x0000000770b80000)
  to   space 10752K, 0% used [0x000000076f680000,0x000000076f680000,0x0000000770100000)
 ParOldGen       total 173568K, used 0K [0x00000006c2400000, 0x00000006ccd80000, 0x000000076b700000)
  object space 173568K, 0% used [0x00000006c2400000,0x00000006c2400000,0x00000006ccd80000)
 Metaspace       used 15042K, capacity 15244K, committed 15616K, reserved 1062912K
  class space    used 1919K, capacity 2006K, committed 2048K, reserved 1048576K
Event: 1.423 GC heap after
Heap after GC invocations=1 (full 0):
 PSYoungGen      total 75776K, used 3866K [0x000000076b700000, 0x0000000770b80000, 0x00000007c0000000)
  eden space 65024K, 0% used [0x000000076b700000,0x000000076b700000,0x000000076f680000)
  from space 10752K, 35% used [0x000000076f680000,0x000000076fa46840,0x0000000770100000)
  to   space 10752K, 0% used [0x0000000770100000,0x0000000770100000,0x0000000770b80000)
 ParOldGen       total 173568K, used 16K [0x00000006c2400000, 0x00000006ccd80000, 0x000000076b700000)
  object space 173568K, 0% used [0x00000006c2400000,0x00000006c2404000,0x00000006ccd80000)
 Metaspace       used 15042K, capacity 15244K, committed 15616K, reserved 1062912K
  class space    used 1919K, capacity 2006K, committed 2048K, reserved 1048576K
}
Event: 1.423 GC heap before
{Heap before GC invocations=2 (full 1):
 PSYoungGen      total 75776K, used 3866K [0x000000076b700000, 0x0000000770b80000, 0x00000007c0000000)
  eden space 65024K, 0% used [0x000000076b700000,0x000000076b700000,0x000000076f680000)
  from space 10752K, 35% used [0x000000076f680000,0x000000076fa46840,0x0000000770100000)
  to   space 10752K, 0% used [0x0000000770100000,0x0000000770100000,0x0000000770b80000)
 ParOldGen       total 173568K, used 16K [0x00000006c2400000, 0x00000006ccd80000, 0x000000076b700000)
  object space 173568K, 0% used [0x00000006c2400000,0x00000006c2404000,0x00000006ccd80000)
 Metaspace       used 15042K, capacity 15244K, committed 15616K, reserved 1062912K
  class space    used 1919K, capacity 2006K, committed 2048K, reserved 1048576K
Event: 1.439 GC heap after
Heap after GC invocations=2 (full 1):
 PSYoungGen      total 75776K, used 0K [0x000000076b700000, 0x0000000770b80000, 0x00000007c0000000)
  eden space 65024K, 0% used [0x000000076b700000,0x000000076b700000,0x000000076f680000)
  from space 10752K, 0% used [0x000000076f680000,0x000000076f680000,0x0000000770100000)
  to   space 10752K, 0% used [0x0000000770100000,0x0000000770100000,0x0000000770b80000)
 ParOldGen       total 173568K, used 3075K [0x00000006c2400000, 0x00000006ccd80000, 0x000000076b700000)
  object space 173568K, 1% used [0x00000006c2400000,0x00000006c2700d50,0x00000006ccd80000)
 Metaspace       used 15042K, capacity 15244K, committed 15616K, reserved 1062912K
  class space    used 1919K, capacity 2006K, committed 2048K, reserved 1048576K
}

