# JRE version: OpenJDK Runtime Environment (Zulu 8.70.0.23-CA-win64) (8.0_372-b07) (build 1.8.0_372-b07)
# Java VM: OpenJDK 64-Bit Server VM (25.372-b07 mixed mode windows-amd64 compressed oops)
Heap:
 PSYoungGen      total 75776K, used 20794K [0x000000076b700000, 0x0000000774b00000, 0x00000007c0000000)
  eden space 65024K, 31% used [0x000000076b700000,0x000000076cb4ea10,0x000000076f680000)
  from space 10752K, 0% used [0x000000076f680000,0x000000076f680000,0x0000000770100000)
  to   space 10752K, 0% used [0x0000000774080000,0x0000000774080000,0x0000000774b00000)
 ParOldGen       total 93696K, used 5819K [0x00000006c2400000, 0x00000006c7f80000, 0x000000076b700000)
  object space 93696K, 6% used [0x00000006c2400000,0x00000006c29aecf0,0x00000006c7f80000)
 Metaspace       used 25144K, capacity 25622K, committed 25776K, reserved 1071104K
  class space    used 2991K, capacity 3145K, committed 3248K, reserved 1048576K
GC Heap History (10 events):
Event: 0.478 GC heap before
{Heap before GC invocations=1 (full 0):
 PSYoungGen      total 75776K, used 9104K [0x000000076b700000, 0x0000000770b80000, 0x00000007c0000000)
  eden space 65024K, 14% used [0x000000076b700000,0x000000076bfe4208,0x000000076f680000)
  from space 10752K, 0% used [0x0000000770100000,0x0000000770100000,0x0000000770b80000)
  to   space 10752K, 0% used [0x000000076f680000,0x000000076f680000,0x0000000770100000)
 ParOldGen       total 173568K, used 0K [0x00000006c2400000, 0x00000006ccd80000, 0x000000076b700000)
  object space 173568K, 0% used [0x00000006c2400000,0x00000006c2400000,0x00000006ccd80000)
 Metaspace       used 5876K, capacity 6020K, committed 6144K, reserved 1056768K
  class space    used 668K, capacity 728K, committed 768K, reserved 1048576K
Event: 0.480 GC heap after
Heap after GC invocations=1 (full 0):
 PSYoungGen      total 75776K, used 1072K [0x000000076b700000, 0x0000000770b80000, 0x00000007c0000000)
  eden space 65024K, 0% used [0x000000076b700000,0x000000076b700000,0x000000076f680000)
  from space 10752K, 9% used [0x000000076f680000,0x000000076f78c010,0x0000000770100000)
  to   space 10752K, 0% used [0x0000000770100000,0x0000000770100000,0x0000000770b80000)
 ParOldGen       total 173568K, used 8K [0x00000006c2400000, 0x00000006ccd80000, 0x000000076b700000)
  object space 173568K, 0% used [0x00000006c2400000,0x00000006c2402000,0x00000006ccd80000)
 Metaspace       used 5876K, capacity 6020K, committed 6144K, reserved 1056768K
  class space    used 668K, capacity 728K, committed 768K, reserved 1048576K
}
Event: 0.480 GC heap before
{Heap before GC invocations=2 (full 1):
 PSYoungGen      total 75776K, used 1072K [0x000000076b700000, 0x0000000770b80000, 0x00000007c0000000)
  eden space 65024K, 0% used [0x000000076b700000,0x000000076b700000,0x000000076f680000)
  from space 10752K, 9% used [0x000000076f680000,0x000000076f78c010,0x0000000770100000)
  to   space 10752K, 0% used [0x0000000770100000,0x0000000770100000,0x0000000770b80000)
 ParOldGen       total 173568K, used 8K [0x00000006c2400000, 0x00000006ccd80000, 0x000000076b700000)
  object space 173568K, 0% used [0x00000006c2400000,0x00000006c2402000,0x00000006ccd80000)
 Metaspace       used 5876K, capacity 6020K, committed 6144K, reserved 1056768K
  class space    used 668K, capacity 728K, committed 768K, reserved 1048576K
Event: 0.488 GC heap after
Heap after GC invocations=2 (full 1):
 PSYoungGen      total 75776K, used 0K [0x000000076b700000, 0x0000000770b80000, 0x00000007c0000000)
  eden space 65024K, 0% used [0x000000076b700000,0x000000076b700000,0x000000076f680000)
  from space 10752K, 0% used [0x000000076f680000,0x000000076f680000,0x0000000770100000)
  to   space 10752K, 0% used [0x0000000770100000,0x0000000770100000,0x0000000770b80000)
 ParOldGen       total 173568K, used 885K [0x00000006c2400000, 0x00000006ccd80000, 0x000000076b700000)
  object space 173568K, 0% used [0x00000006c2400000,0x00000006c24dd7c8,0x00000006ccd80000)
 Metaspace       used 5876K, capacity 6020K, committed 6144K, reserved 1056768K
  class space    used 668K, capacity 728K, committed 768K, reserved 1048576K
}
Event: 1.403 GC heap before
{Heap before GC invocations=3 (full 1):
 PSYoungGen      total 75776K, used 65024K [0x000000076b700000, 0x0000000770b80000, 0x00000007c0000000)
  eden space 65024K, 100% used [0x000000076b700000,0x000000076f680000,0x000000076f680000)
  from space 10752K, 0% used [0x000000076f680000,0x000000076f680000,0x0000000770100000)
  to   space 10752K, 0% used [0x0000000770100000,0x0000000770100000,0x0000000770b80000)
 ParOldGen       total 173568K, used 885K [0x00000006c2400000, 0x00000006ccd80000, 0x000000076b700000)
  object space 173568K, 0% used [0x00000006c2400000,0x00000006c24dd7c8,0x00000006ccd80000)
 Metaspace       used 20319K, capacity 20572K, committed 20736K, reserved 1067008K
  class space    used 2401K, capacity 2492K, committed 2560K, reserved 1048576K
Event: 1.411 GC heap after
Heap after GC invocations=3 (full 1):
 PSYoungGen      total 75776K, used 10748K [0x000000076b700000, 0x0000000770b80000, 0x00000007c0000000)
  eden space 65024K, 0% used [0x000000076b700000,0x000000076b700000,0x000000076f680000)
  from space 10752K, 99% used [0x0000000770100000,0x0000000770b7f028,0x0000000770b80000)
  to   space 10752K, 0% used [0x000000076f680000,0x000000076f680000,0x0000000770100000)
 ParOldGen       total 173568K, used 2798K [0x00000006c2400000, 0x00000006ccd80000, 0x000000076b700000)
  object space 173568K, 1% used [0x00000006c2400000,0x00000006c26bb958,0x00000006ccd80000)
 Metaspace       used 20319K, capacity 20572K, committed 20736K, reserved 1067008K
  class space    used 2401K, capacity 2492K, committed 2560K, reserved 1048576K
}
Event: 1.462 GC heap before
{Heap before GC invocations=4 (full 1):
 PSYoungGen      total 75776K, used 15264K [0x000000076b700000, 0x0000000770b80000, 0x00000007c0000000)
  eden space 65024K, 6% used [0x000000076b700000,0x000000076bb69230,0x000000076f680000)
  from space 10752K, 99% used [0x0000000770100000,0x0000000770b7f028,0x0000000770b80000)
  to   space 10752K, 0% used [0x000000076f680000,0x000000076f680000,0x0000000770100000)
 ParOldGen       total 173568K, used 2798K [0x00000006c2400000, 0x00000006ccd80000, 0x000000076b700000)
  object space 173568K, 1% used [0x00000006c2400000,0x00000006c26bb958,0x00000006ccd80000)
 Metaspace       used 20887K, capacity 21204K, committed 21296K, reserved 1069056K
  class space    used 2471K, capacity 2596K, committed 2608K, reserved 1048576K
Event: 1.465 GC heap after
Heap after GC invocations=4 (full 1):
 PSYoungGen      total 75776K, used 5108K [0x000000076b700000, 0x0000000774b00000, 0x00000007c0000000)
  eden space 65024K, 0% used [0x000000076b700000,0x000000076b700000,0x000000076f680000)
  from space 10752K, 47% used [0x000000076f680000,0x000000076fb7d140,0x0000000770100000)
  to   space 10752K, 0% used [0x0000000774080000,0x0000000774080000,0x0000000774b00000)
 ParOldGen       total 173568K, used 2806K [0x00000006c2400000, 0x00000006ccd80000, 0x000000076b700000)
  object space 173568K, 1% used [0x00000006c2400000,0x00000006c26bd958,0x00000006ccd80000)
 Metaspace       used 20887K, capacity 21204K, committed 21296K, reserved 1069056K
  class space    used 2471K, capacity 2596K, committed 2608K, reserved 1048576K
}
Event: 1.465 GC heap before
{Heap before GC invocations=5 (full 2):
 PSYoungGen      total 75776K, used 5108K [0x000000076b700000, 0x0000000774b00000, 0x00000007c0000000)
  eden space 65024K, 0% used [0x000000076b700000,0x000000076b700000,0x000000076f680000)
  from space 10752K, 47% used [0x000000076f680000,0x000000076fb7d140,0x0000000770100000)
  to   space 10752K, 0% used [0x0000000774080000,0x0000000774080000,0x0000000774b00000)
 ParOldGen       total 173568K, used 2806K [0x00000006c2400000, 0x00000006ccd80000, 0x000000076b700000)
  object space 173568K, 1% used [0x00000006c2400000,0x00000006c26bd958,0x00000006ccd80000)
 Metaspace       used 20887K, capacity 21204K, committed 21296K, reserved 1069056K
  class space    used 2471K, capacity 2596K, committed 2608K, reserved 1048576K
Event: 1.480 GC heap after
Heap after GC invocations=5 (full 2):
 PSYoungGen      total 75776K, used 0K [0x000000076b700000, 0x0000000774b00000, 0x00000007c0000000)
  eden space 65024K, 0% used [0x000000076b700000,0x000000076b700000,0x000000076f680000)
  from space 10752K, 0% used [0x000000076f680000,0x000000076f680000,0x0000000770100000)
  to   space 10752K, 0% used [0x0000000774080000,0x0000000774080000,0x0000000774b00000)
 ParOldGen       total 93696K, used 5819K [0x00000006c2400000, 0x00000006c7f80000, 0x000000076b700000)
  object space 93696K, 6% used [0x00000006c2400000,0x00000006c29aecf0,0x00000006c7f80000)
 Metaspace       used 20887K, capacity 21204K, committed 21296K, reserved 1069056K
  class space    used 2471K, capacity 2596K, committed 2608K, reserved 1048576K
}

